\BOOKMARK [1][-]{section.1}{Introduction}{}% 1
\BOOKMARK [1][-]{section.2}{Background}{}% 2
\BOOKMARK [2][-]{subsection.2.1}{Compilation}{section.2}% 3
\BOOKMARK [3][-]{subsubsection.2.1.1}{Preprocessor}{subsection.2.1}% 4
\BOOKMARK [3][-]{subsubsection.2.1.2}{Compiler}{subsection.2.1}% 5
\BOOKMARK [3][-]{subsubsection.2.1.3}{Assembler}{subsection.2.1}% 6
\BOOKMARK [3][-]{subsubsection.2.1.4}{Linker}{subsection.2.1}% 7
\BOOKMARK [2][-]{subsection.2.2}{ELF Format}{section.2}% 8
\BOOKMARK [2][-]{subsection.2.3}{Stripped Binary}{section.2}% 9
\BOOKMARK [1][-]{section.3}{Binary Analysis}{}% 10
\BOOKMARK [2][-]{subsection.3.1}{Static Analysis}{section.3}% 11
\BOOKMARK [3][-]{subsubsection.3.1.1}{Disassemblers}{subsection.3.1}% 12
\BOOKMARK [3][-]{subsubsection.3.1.2}{Decompiler}{subsection.3.1}% 13
\BOOKMARK [3][-]{subsubsection.3.1.3}{Tools}{subsection.3.1}% 14
\BOOKMARK [3][-]{subsubsection.3.1.4}{Types}{subsection.3.1}% 15
\BOOKMARK [2][-]{subsection.3.2}{Dynamic Analysis}{section.3}% 16
\BOOKMARK [3][-]{subsubsection.3.2.1}{GDB}{subsection.3.2}% 17
\BOOKMARK [1][-]{section.4}{Adversarial Contest}{}% 18
\BOOKMARK [2][-]{subsection.4.1}{Static Analysis Mitigations}{section.4}% 19
\BOOKMARK [2][-]{subsection.4.2}{Dynamic Analysis Mitigations}{section.4}% 20
